<?xml version="1.0" encoding="UTF-8"?>
<!-- Generated by org.testng.reporters.JUnitReportReporter -->
<testsuite hostname="DESKTOP-GARLJAI" failures="0" tests="1" name="com.example.AppTest" time="18.249" errors="0" timestamp="2024-05-02T11:31:21 IST" skipped="0">
  <testcase classname="com.example.AppTest" name="test" time="18.249"/>
</testsuite> <!-- com.example.AppTest -->
